ant:

<mkdir dir="E:\Work\matlab\AllFile_specgram_viewer\build\AllFile_specgram_viewer_Win64\distrib" />
<mkdir dir="E:\Work\matlab\AllFile_specgram_viewer\build\AllFile_specgram_viewer_Win64\src" />
mcc -o AllFile_specgram_viewer_Win64 -W WinMain:AllFile_specgram_viewer_Win64 -T link:exe -d E:\Work\matlab\AllFile_specgram_viewer\build\AllFile_specgram_viewer_Win64\src -w enable:specified_file_mismatch -w enable:repeated_file -w enable:switch_ignored -w enable:missing_lib_sentinel -w enable:demo_license -v E:\Work\matlab\AllFile_specgram_viewer\source\AllFile_specgram_viewer.m -a E:\Work\matlab\AllFile_specgram_viewer\source\AllFile_specgram_viewer.fig -a E:\Work\matlab\AllFile_specgram_viewer\source\deps
Compiler version: 4.18 (R2012b)
Processing C:\MATLAB\x64\R2012b\toolbox\matlab\mcc.enc
Processing C:\MATLAB\x64\R2012b\toolbox\signal\mcc.enc
Processing C:\MATLAB\x64\R2012b\toolbox\images\mcc.enc
Processing E:\Work\matlab\AllFile_specgram_viewer\source\AllFile_specgram_viewer.fig
Processing C:\MATLAB\x64\R2012b\toolbox\shared\controllib\general\mcc.enc
Processing C:\MATLAB\x64\R2012b\toolbox\matlab\guide\guideopts.fig
Processing C:\MATLAB\x64\R2012b\toolbox\shared\imageslib\mcc.enc
Processing C:\MATLAB\x64\R2012b\toolbox\control\mcc.enc
Processing C:\MATLAB\x64\R2012b\toolbox\matlab\winfun\actxcontrolselect.fig
Processing C:\MATLAB\x64\R2012b\toolbox\shared\controllib\engine\mcc.enc
Processing C:\MATLAB\x64\R2012b\toolbox\matlab\winfun\actxcontrolcreateproperty.fig
Processing C:\MATLAB\x64\R2012b\toolbox\ident\mcc.enc
Processing C:\MATLAB\x64\R2012b\toolbox\shared\spcuilib\mcc.enc
Processing C:\MATLAB\x64\R2012b\toolbox\dsp\mcc.enc
Processing C:\MATLAB\x64\R2012b\toolbox\stats\mcc.enc
Processing C:\MATLAB\x64\R2012b\toolbox\fixedpoint\mcc.enc
Processing C:\MATLAB\x64\R2012b\toolbox\optim\mcc.enc
Processing C:\MATLAB\x64\R2012b\toolbox\matlab\system\mcc.enc
Processing C:\MATLAB\x64\R2012b\toolbox\shared\optimlib\mcc.enc
Processing C:\MATLAB\x64\R2012b\toolbox\distcomp\mcc.enc
Processing include files...
2 item(s) added.
Processing directories installed with MCR...
The file E:\Work\matlab\AllFile_specgram_viewer\build\AllFile_specgram_viewer_Win64\src\mccExcludedFiles.log contains a list of functions excluded from the CTF archive.
0 item(s) added.
Generating MATLAB path for the compiled application...
Created 94 path items.
Begin validation of MEX files: Wed Dec 18 19:13:41 2013
Validating 'C:\MATLAB\x64\R2012b\toolbox\distcomp\@distcomp\dctCmdWindowSize.mexw64'.
No conflicting MATLAB file found.
Validating 'C:\MATLAB\x64\R2012b\toolbox\distcomp\cluster\+parallel\+internal\+cluster\workerShutdown.mexw64'.
No conflicting MATLAB file found.
Validating 'C:\MATLAB\x64\R2012b\toolbox\distcomp\distcomp\dct_psfcns.mexw64'.
No conflicting MATLAB file found.
Validating 'C:\MATLAB\x64\R2012b\toolbox\distcomp\distcomp\distcompByteBuffer2MxArray.mexw64'.
No conflicting MATLAB file found.
Validating 'C:\MATLAB\x64\R2012b\toolbox\distcomp\distcomp\distcompMakeByteBufferHandle.mexw64'.
No conflicting MATLAB file found.
Validating 'C:\MATLAB\x64\R2012b\toolbox\distcomp\distcomp\distcompMxArray2ByteBuffer.mexw64'.
No conflicting MATLAB file found.
Validating 'C:\MATLAB\x64\R2012b\toolbox\distcomp\distcomp\distcompdeserialize.mexw64'.
No conflicting MATLAB file found.
Validating 'C:\MATLAB\x64\R2012b\toolbox\distcomp\distcomp\distcompserialize.mexw64'.
No conflicting MATLAB file found.
Validating 'C:\MATLAB\x64\R2012b\toolbox\distcomp\distcomp\getUncPathFromMappedDrive.mexw64'.
No conflicting MATLAB file found.
Validating 'C:\MATLAB\x64\R2012b\toolbox\distcomp\distcomp\pct_unsetenvmex.mexw64'.
No conflicting MATLAB file found.
Validating 'C:\MATLAB\x64\R2012b\toolbox\distcomp\private\dctPathAndClearNotification.mexw64'.
No conflicting MATLAB file found.
Validating 'C:\MATLAB\x64\R2012b\toolbox\distcomp\private\dctRegisterMpiFunctions.mexw64'.
No conflicting MATLAB file found.
Validating 'C:\MATLAB\x64\R2012b\toolbox\dsp\dsputilities\dspmex\firdecimfilter.mexw64'.
No conflicting MATLAB file found.
Validating 'C:\MATLAB\x64\R2012b\toolbox\dsp\dsputilities\dspmex\firinterpfilter.mexw64'.
No conflicting MATLAB file found.
Validating 'C:\MATLAB\x64\R2012b\toolbox\dsp\dsputilities\dspmex\firsrcfilter.mexw64'.
No conflicting MATLAB file found.
Validating 'C:\MATLAB\x64\R2012b\toolbox\dsp\dsputilities\dspmex\firtdecimfilter.mexw64'.
No conflicting MATLAB file found.
Validating 'C:\MATLAB\x64\R2012b\toolbox\dsp\dsputilities\dspmex\latticecafilter.mexw64'.
No conflicting MATLAB file found.
Validating 'C:\MATLAB\x64\R2012b\toolbox\dsp\dsputilities\dspmex\latticecapcfilter.mexw64'.
No conflicting MATLAB file found.
Validating 'C:\MATLAB\x64\R2012b\toolbox\dsp\dsputilities\dspmex\mdspbiquad.mexw64'.
No conflicting MATLAB file found.
Validating 'C:\MATLAB\x64\R2012b\toolbox\dsp\dsputilities\dspmex\mdspfirdn2.mexw64'.
No conflicting MATLAB file found.
Validating 'C:\MATLAB\x64\R2012b\toolbox\dsp\dsputilities\dspmex\mdspupfir2.mexw64'.
No conflicting MATLAB file found.
Validating 'C:\MATLAB\x64\R2012b\toolbox\dsp\dsputilities\dspmex\sfirdecimfilter.mexw64'.
No conflicting MATLAB file found.
Validating 'C:\MATLAB\x64\R2012b\toolbox\dsp\dsputilities\dspmex\sfirinterpfilter.mexw64'.
No conflicting MATLAB file found.
Validating 'C:\MATLAB\x64\R2012b\toolbox\dsp\dsputilities\dspmex\sfirsrcfilter.mexw64'.
No conflicting MATLAB file found.
Validating 'C:\MATLAB\x64\R2012b\toolbox\dsp\dsputilities\dspmex\sfirtdecimfilter.mexw64'.
No conflicting MATLAB file found.
Validating 'C:\MATLAB\x64\R2012b\toolbox\ident\nlident\@linear\soevaluate.mexw64'.
No conflicting MATLAB file found.
Validating 'C:\MATLAB\x64\R2012b\toolbox\ident\nlident\@wavenet\soevaluate.mexw64'.
No conflicting MATLAB file found.
Validating 'C:\MATLAB\x64\R2012b\toolbox\images\images\private\imapplymatrixc.mexw64'.
No conflicting MATLAB file found.
Validating 'C:\MATLAB\x64\R2012b\toolbox\images\images\private\parityscan.mexw64'.
No conflicting MATLAB file found.
Validating 'C:\MATLAB\x64\R2012b\toolbox\images\iptformats\private\bitparse.mexw64'.
No conflicting MATLAB file found.
Validating 'C:\MATLAB\x64\R2012b\toolbox\images\iptformats\private\dicom_decode_rle_segment.mexw64'.
No conflicting MATLAB file found.
Validating 'C:\MATLAB\x64\R2012b\toolbox\images\iptformats\private\dicomlookup_helper.mexw64'.
No conflicting MATLAB file found.
Validating 'C:\MATLAB\x64\R2012b\toolbox\images\iptformats\private\dicomparse.mexw64'.
No conflicting MATLAB file found.
Validating 'C:\MATLAB\x64\R2012b\toolbox\images\iptformats\private\rnitfc.mexw64'.
No conflicting MATLAB file found.
Validating 'C:\MATLAB\x64\R2012b\toolbox\images\iptformats\private\tobits.mexw64'.
No conflicting MATLAB file found.
Validating 'C:\MATLAB\x64\R2012b\toolbox\optim\optim\private\activesetqp.mexw64'.
No conflicting MATLAB file found.
Validating 'C:\MATLAB\x64\R2012b\toolbox\shared\controllib\engine\numerics\HamEig.mexw64'.
No conflicting MATLAB file found.
Validating 'C:\MATLAB\x64\R2012b\toolbox\shared\controllib\engine\numerics\HamGenEig.mexw64'.
No conflicting MATLAB file found.
Validating 'C:\MATLAB\x64\R2012b\toolbox\shared\controllib\engine\numerics\bdschur.mexw64'.
Found MATLAB file 'C:\MATLAB\x64\R2012b\toolbox\shared\controllib\engine\numerics\bdschur.m'.
MEX file
'C:\MATLAB\x64\R2012b\toolbox\shared\controllib\engine\numerics\bdschur.mexw64'
is valid. It contains 'mexFunction.'
Validating 'C:\MATLAB\x64\R2012b\toolbox\shared\controllib\engine\numerics\ddaeresp.mexw64'.
No conflicting MATLAB file found.
Validating 'C:\MATLAB\x64\R2012b\toolbox\shared\controllib\engine\numerics\ddaesim.mexw64'.
No conflicting MATLAB file found.
Validating 'C:\MATLAB\x64\R2012b\toolbox\shared\controllib\engine\numerics\frdelay.mexw64'.
No conflicting MATLAB file found.
Validating 'C:\MATLAB\x64\R2012b\toolbox\shared\controllib\engine\numerics\frkernel.mexw64'.
No conflicting MATLAB file found.
Validating 'C:\MATLAB\x64\R2012b\toolbox\shared\controllib\engine\numerics\hlyapslv.mexw64'.
No conflicting MATLAB file found.
Validating 'C:\MATLAB\x64\R2012b\toolbox\shared\controllib\engine\numerics\lyapslv.mexw64'.
No conflicting MATLAB file found.
Validating 'C:\MATLAB\x64\R2012b\toolbox\shared\controllib\engine\numerics\matscale.mexw64'.
No conflicting MATLAB file found.
Validating 'C:\MATLAB\x64\R2012b\toolbox\shared\controllib\engine\numerics\mimozero.mexw64'.
No conflicting MATLAB file found.
Validating 'C:\MATLAB\x64\R2012b\toolbox\shared\controllib\engine\numerics\normrank.mexw64'.
No conflicting MATLAB file found.
Validating 'C:\MATLAB\x64\R2012b\toolbox\shared\controllib\engine\numerics\quadgp1.mexw64'.
No conflicting MATLAB file found.
Validating 'C:\MATLAB\x64\R2012b\toolbox\shared\controllib\engine\numerics\quadgp2.mexw64'.
No conflicting MATLAB file found.
Validating 'C:\MATLAB\x64\R2012b\toolbox\shared\controllib\engine\numerics\rrqrf.mexw64'.
No conflicting MATLAB file found.
Validating 'C:\MATLAB\x64\R2012b\toolbox\shared\controllib\engine\numerics\ssfresp.mexw64'.
No conflicting MATLAB file found.
Validating 'C:\MATLAB\x64\R2012b\toolbox\shared\controllib\engine\numerics\ssresp.mexw64'.
No conflicting MATLAB file found.
Validating 'C:\MATLAB\x64\R2012b\toolbox\shared\controllib\engine\numerics\sssim.mexw64'.
No conflicting MATLAB file found.
Validating 'C:\MATLAB\x64\R2012b\toolbox\shared\controllib\engine\numerics\sylvslv.mexw64'.
No conflicting MATLAB file found.
Validating 'C:\MATLAB\x64\R2012b\toolbox\shared\controllib\engine\numerics\tfresp.mexw64'.
No conflicting MATLAB file found.
Validating 'C:\MATLAB\x64\R2012b\toolbox\shared\controllib\engine\numerics\tfsim.mexw64'.
No conflicting MATLAB file found.
Validating 'C:\MATLAB\x64\R2012b\toolbox\shared\controllib\engine\numerics\triperm.mexw64'.
No conflicting MATLAB file found.
Validating 'C:\MATLAB\x64\R2012b\toolbox\shared\controllib\engine\numerics\zpkboderesp.mexw64'.
No conflicting MATLAB file found.
Validating 'C:\MATLAB\x64\R2012b\toolbox\shared\controllib\engine\numerics\zpkfresp.mexw64'.
No conflicting MATLAB file found.
Validating 'C:\MATLAB\x64\R2012b\toolbox\shared\controllib\engine\numerics\zpkresp.mexw64'.
No conflicting MATLAB file found.
Validating 'C:\MATLAB\x64\R2012b\toolbox\shared\controllib\engine\numerics\zpksim.mexw64'.
No conflicting MATLAB file found.
Validating 'C:\MATLAB\x64\R2012b\toolbox\signal\signal\buffer.mexw64'.
Found MATLAB file 'C:\MATLAB\x64\R2012b\toolbox\signal\signal\buffer.m'.
MEX file
'C:\MATLAB\x64\R2012b\toolbox\signal\signal\buffer.mexw64'
is valid. It contains 'mexFunction.'
Validating 'C:\MATLAB\x64\R2012b\toolbox\signal\signal\df1filter.mexw64'.
No conflicting MATLAB file found.
Validating 'C:\MATLAB\x64\R2012b\toolbox\signal\signal\df1sosfilter.mexw64'.
No conflicting MATLAB file found.
Validating 'C:\MATLAB\x64\R2012b\toolbox\signal\signal\df1tfilter.mexw64'.
No conflicting MATLAB file found.
Validating 'C:\MATLAB\x64\R2012b\toolbox\signal\signal\df1tsosfilter.mexw64'.
No conflicting MATLAB file found.
Validating 'C:\MATLAB\x64\R2012b\toolbox\signal\signal\df2filter.mexw64'.
No conflicting MATLAB file found.
Validating 'C:\MATLAB\x64\R2012b\toolbox\signal\signal\df2sosfilter.mexw64'.
No conflicting MATLAB file found.
Validating 'C:\MATLAB\x64\R2012b\toolbox\signal\signal\df2tfilter.mexw64'.
No conflicting MATLAB file found.
Validating 'C:\MATLAB\x64\R2012b\toolbox\signal\signal\df2tsosfilter.mexw64'.
No conflicting MATLAB file found.
Validating 'C:\MATLAB\x64\R2012b\toolbox\signal\signal\dfantisymmetricfirfilter.mexw64'.
No conflicting MATLAB file found.
Validating 'C:\MATLAB\x64\R2012b\toolbox\signal\signal\dffirfilter.mexw64'.
No conflicting MATLAB file found.
Validating 'C:\MATLAB\x64\R2012b\toolbox\signal\signal\dffirtfilter.mexw64'.
No conflicting MATLAB file found.
Validating 'C:\MATLAB\x64\R2012b\toolbox\signal\signal\dfsymmetricfirfilter.mexw64'.
No conflicting MATLAB file found.
Validating 'C:\MATLAB\x64\R2012b\toolbox\signal\signal\latticeallpassfilter.mexw64'.
No conflicting MATLAB file found.
Validating 'C:\MATLAB\x64\R2012b\toolbox\signal\signal\latticearfilter.mexw64'.
No conflicting MATLAB file found.
Validating 'C:\MATLAB\x64\R2012b\toolbox\signal\signal\latticearmafilter.mexw64'.
No conflicting MATLAB file found.
Validating 'C:\MATLAB\x64\R2012b\toolbox\signal\signal\latticemamaxphasefilter.mexw64'.
No conflicting MATLAB file found.
Validating 'C:\MATLAB\x64\R2012b\toolbox\signal\signal\latticemaminphasefilter.mexw64'.
No conflicting MATLAB file found.
Validating 'C:\MATLAB\x64\R2012b\toolbox\signal\signal\private\goertzelmex.mexw64'.
No conflicting MATLAB file found.
Validating 'C:\MATLAB\x64\R2012b\toolbox\signal\signal\private\sosfiltmex.mexw64'.
No conflicting MATLAB file found.
Validating 'C:\MATLAB\x64\R2012b\toolbox\signal\signal\private\upfirdnmex.mexw64'.
No conflicting MATLAB file found.
Validating 'C:\MATLAB\x64\R2012b\toolbox\signal\signal\sdf1filter.mexw64'.
No conflicting MATLAB file found.
Validating 'C:\MATLAB\x64\R2012b\toolbox\signal\signal\sdf1sosfilter.mexw64'.
No conflicting MATLAB file found.
Validating 'C:\MATLAB\x64\R2012b\toolbox\signal\signal\sdf1tfilter.mexw64'.
No conflicting MATLAB file found.
Validating 'C:\MATLAB\x64\R2012b\toolbox\signal\signal\sdf1tsosfilter.mexw64'.
No conflicting MATLAB file found.
Validating 'C:\MATLAB\x64\R2012b\toolbox\signal\signal\sdf2filter.mexw64'.
No conflicting MATLAB file found.
Validating 'C:\MATLAB\x64\R2012b\toolbox\signal\signal\sdf2sosfilter.mexw64'.
No conflicting MATLAB file found.
Validating 'C:\MATLAB\x64\R2012b\toolbox\signal\signal\sdf2tfilter.mexw64'.
No conflicting MATLAB file found.
Validating 'C:\MATLAB\x64\R2012b\toolbox\signal\signal\sdf2tsosfilter.mexw64'.
No conflicting MATLAB file found.
Validating 'C:\MATLAB\x64\R2012b\toolbox\signal\signal\sdfantisymmetricfirfilter.mexw64'.
No conflicting MATLAB file found.
Validating 'C:\MATLAB\x64\R2012b\toolbox\signal\signal\sdffirfilter.mexw64'.
No conflicting MATLAB file found.
Validating 'C:\MATLAB\x64\R2012b\toolbox\signal\signal\sdffirtfilter.mexw64'.
No conflicting MATLAB file found.
Validating 'C:\MATLAB\x64\R2012b\toolbox\signal\signal\sdfsymmetricfirfilter.mexw64'.
No conflicting MATLAB file found.
Validating 'C:\MATLAB\x64\R2012b\toolbox\signal\signal\slatticeallpassfilter.mexw64'.
No conflicting MATLAB file found.
Validating 'C:\MATLAB\x64\R2012b\toolbox\signal\signal\slatticearfilter.mexw64'.
No conflicting MATLAB file found.
Validating 'C:\MATLAB\x64\R2012b\toolbox\signal\signal\slatticearmafilter.mexw64'.
No conflicting MATLAB file found.
Validating 'C:\MATLAB\x64\R2012b\toolbox\signal\signal\slatticemamaxphasefilter.mexw64'.
No conflicting MATLAB file found.
Validating 'C:\MATLAB\x64\R2012b\toolbox\signal\signal\slatticemaminphasefilter.mexw64'.
No conflicting MATLAB file found.
Validating 'C:\MATLAB\x64\R2012b\toolbox\signal\signal\statespacefilter.mexw64'.
No conflicting MATLAB file found.
Validating 'C:\MATLAB\x64\R2012b\toolbox\stats\stats\@sobolset\private\DNToMatrix.mexw64'.
No conflicting MATLAB file found.
Validating 'C:\MATLAB\x64\R2012b\toolbox\stats\stats\@sobolset\private\MatrixToDN.mexw64'.
No conflicting MATLAB file found.
Validating 'C:\MATLAB\x64\R2012b\toolbox\stats\stats\@sobolset\private\computeDN.mexw64'.
No conflicting MATLAB file found.
Validating 'C:\MATLAB\x64\R2012b\toolbox\stats\stats\@sobolset\private\convertToDouble.mexw64'.
No conflicting MATLAB file found.
Validating 'C:\MATLAB\x64\R2012b\toolbox\stats\stats\@sobolset\private\matrixBitXor.mexw64'.
No conflicting MATLAB file found.
Validating 'C:\MATLAB\x64\R2012b\toolbox\stats\stats\@sobolset\private\sobolIndexed.mexw64'.
No conflicting MATLAB file found.
Validating 'C:\MATLAB\x64\R2012b\toolbox\stats\stats\@sobolset\private\sobolNet.mexw64'.
No conflicting MATLAB file found.
Validating 'C:\MATLAB\x64\R2012b\toolbox\stats\stats\@sobolset\private\sobolPoint.mexw64'.
No conflicting MATLAB file found.
Validating 'C:\MATLAB\x64\R2012b\toolbox\stats\stats\@sobolset\private\sobolSequence.mexw64'.
No conflicting MATLAB file found.
End validation of MEX files: Wed Dec 18 19:13:41 2013
Warning: Adding path "E:\Work\matlab\AllFile_specgram_viewer\source" to
Compiler path instance.
Parsing file "E:\Work\matlab\AllFile_specgram_viewer\source\AllFile_specgram_viewer.m"
    (Referenced from: "Compiler Command Line").
Parsing file "C:\MATLAB\x64\R2012b\toolbox\compiler\deploy\deployprint.m"
    (Referenced from: "Compiler Command Line").
Parsing file "C:\MATLAB\x64\R2012b\toolbox\compiler\deploy\printdlg.m"
    (Referenced from: "Compiler Command Line").
Deleting 110 temporary MEX authorization files.
Removing: 'C:\Users\DEFAUL~1.VPC\AppData\Local\Temp\mathworks_tmp_1336_212_1336.auth'.
Removing: 'C:\Users\DEFAUL~1.VPC\AppData\Local\Temp\mathworks_tmp_1336_29276_1336.auth'.
Removing: 'C:\Users\DEFAUL~1.VPC\AppData\Local\Temp\mathworks_tmp_1336_18014_1336.auth'.
Removing: 'C:\Users\DEFAUL~1.VPC\AppData\Local\Temp\mathworks_tmp_1336_1784_1336.auth'.
Removing: 'C:\Users\DEFAUL~1.VPC\AppData\Local\Temp\mathworks_tmp_1336_29289_1336.auth'.
Removing: 'C:\Users\DEFAUL~1.VPC\AppData\Local\Temp\mathworks_tmp_1336_226_1336.auth'.
Removing: 'C:\Users\DEFAUL~1.VPC\AppData\Local\Temp\mathworks_tmp_1336_11260_1336.auth'.
Removing: 'C:\Users\DEFAUL~1.VPC\AppData\Local\Temp\mathworks_tmp_1336_27048_1336.auth'.
Removing: 'C:\Users\DEFAUL~1.VPC\AppData\Local\Temp\mathworks_tmp_1336_1651_1336.auth'.
Removing: 'C:\Users\DEFAUL~1.VPC\AppData\Local\Temp\mathworks_tmp_1336_12204_1336.auth'.
Removing: 'C:\Users\DEFAUL~1.VPC\AppData\Local\Temp\mathworks_tmp_1336_26210_1336.auth'.
Removing: 'C:\Users\DEFAUL~1.VPC\AppData\Local\Temp\mathworks_tmp_1336_22417_1336.auth'.
Removing: 'C:\Users\DEFAUL~1.VPC\AppData\Local\Temp\mathworks_tmp_1336_32455_1336.auth'.
Removing: 'C:\Users\DEFAUL~1.VPC\AppData\Local\Temp\mathworks_tmp_1336_10442_1336.auth'.
Removing: 'C:\Users\DEFAUL~1.VPC\AppData\Local\Temp\mathworks_tmp_1336_23549_1336.auth'.
Removing: 'C:\Users\DEFAUL~1.VPC\AppData\Local\Temp\mathworks_tmp_1336_15902_1336.auth'.
Removing: 'C:\Users\DEFAUL~1.VPC\AppData\Local\Temp\mathworks_tmp_1336_13888_1336.auth'.
Removing: 'C:\Users\DEFAUL~1.VPC\AppData\Local\Temp\mathworks_tmp_1336_32058_1336.auth'.
Removing: 'C:\Users\DEFAUL~1.VPC\AppData\Local\Temp\mathworks_tmp_1336_14689_1336.auth'.
Removing: 'C:\Users\DEFAUL~1.VPC\AppData\Local\Temp\mathworks_tmp_1336_13338_1336.auth'.
Removing: 'C:\Users\DEFAUL~1.VPC\AppData\Local\Temp\mathworks_tmp_1336_20244_1336.auth'.
Removing: 'C:\Users\DEFAUL~1.VPC\AppData\Local\Temp\mathworks_tmp_1336_21158_1336.auth'.
Removing: 'C:\Users\DEFAUL~1.VPC\AppData\Local\Temp\mathworks_tmp_1336_10396_1336.auth'.
Removing: 'C:\Users\DEFAUL~1.VPC\AppData\Local\Temp\mathworks_tmp_1336_10794_1336.auth'.
Removing: 'C:\Users\DEFAUL~1.VPC\AppData\Local\Temp\mathworks_tmp_1336_27358_1336.auth'.
Removing: 'C:\Users\DEFAUL~1.VPC\AppData\Local\Temp\mathworks_tmp_1336_10644_1336.auth'.
Removing: 'C:\Users\DEFAUL~1.VPC\AppData\Local\Temp\mathworks_tmp_1336_14383_1336.auth'.
Removing: 'C:\Users\DEFAUL~1.VPC\AppData\Local\Temp\mathworks_tmp_1336_1179_1336.auth'.
Removing: 'C:\Users\DEFAUL~1.VPC\AppData\Local\Temp\mathworks_tmp_1336_27981_1336.auth'.
Removing: 'C:\Users\DEFAUL~1.VPC\AppData\Local\Temp\mathworks_tmp_1336_25925_1336.auth'.
Removing: 'C:\Users\DEFAUL~1.VPC\AppData\Local\Temp\mathworks_tmp_1336_21348_1336.auth'.
Removing: 'C:\Users\DEFAUL~1.VPC\AppData\Local\Temp\mathworks_tmp_1336_606_1336.auth'.
Removing: 'C:\Users\DEFAUL~1.VPC\AppData\Local\Temp\mathworks_tmp_1336_22297_1336.auth'.
Removing: 'C:\Users\DEFAUL~1.VPC\AppData\Local\Temp\mathworks_tmp_1336_2781_1336.auth'.
Removing: 'C:\Users\DEFAUL~1.VPC\AppData\Local\Temp\mathworks_tmp_1336_5346_1336.auth'.
Removing: 'C:\Users\DEFAUL~1.VPC\AppData\Local\Temp\mathworks_tmp_1336_5457_1336.auth'.
Removing: 'C:\Users\DEFAUL~1.VPC\AppData\Local\Temp\mathworks_tmp_1336_12110_1336.auth'.
Removing: 'C:\Users\DEFAUL~1.VPC\AppData\Local\Temp\mathworks_tmp_1336_10581_1336.auth'.
Removing: 'C:\Users\DEFAUL~1.VPC\AppData\Local\Temp\mathworks_tmp_1336_19772_1336.auth'.
Removing: 'C:\Users\DEFAUL~1.VPC\AppData\Local\Temp\mathworks_tmp_1336_31685_1336.auth'.
Removing: 'C:\Users\DEFAUL~1.VPC\AppData\Local\Temp\mathworks_tmp_1336_10111_1336.auth'.
Removing: 'C:\Users\DEFAUL~1.VPC\AppData\Local\Temp\mathworks_tmp_1336_4033_1336.auth'.
Removing: 'C:\Users\DEFAUL~1.VPC\AppData\Local\Temp\mathworks_tmp_1336_8286_1336.auth'.
Removing: 'C:\Users\DEFAUL~1.VPC\AppData\Local\Temp\mathworks_tmp_1336_19244_1336.auth'.
Removing: 'C:\Users\DEFAUL~1.VPC\AppData\Local\Temp\mathworks_tmp_1336_26769_1336.auth'.
Removing: 'C:\Users\DEFAUL~1.VPC\AppData\Local\Temp\mathworks_tmp_1336_12183_1336.auth'.
Removing: 'C:\Users\DEFAUL~1.VPC\AppData\Local\Temp\mathworks_tmp_1336_17688_1336.auth'.
Removing: 'C:\Users\DEFAUL~1.VPC\AppData\Local\Temp\mathworks_tmp_1336_11339_1336.auth'.
Removing: 'C:\Users\DEFAUL~1.VPC\AppData\Local\Temp\mathworks_tmp_1336_2366_1336.auth'.
Removing: 'C:\Users\DEFAUL~1.VPC\AppData\Local\Temp\mathworks_tmp_1336_23984_1336.auth'.
Removing: 'C:\Users\DEFAUL~1.VPC\AppData\Local\Temp\mathworks_tmp_1336_30119_1336.auth'.
Removing: 'C:\Users\DEFAUL~1.VPC\AppData\Local\Temp\mathworks_tmp_1336_10319_1336.auth'.
Removing: 'C:\Users\DEFAUL~1.VPC\AppData\Local\Temp\mathworks_tmp_1336_12639_1336.auth'.
Removing: 'C:\Users\DEFAUL~1.VPC\AppData\Local\Temp\mathworks_tmp_1336_16639_1336.auth'.
Removing: 'C:\Users\DEFAUL~1.VPC\AppData\Local\Temp\mathworks_tmp_1336_10208_1336.auth'.
Removing: 'C:\Users\DEFAUL~1.VPC\AppData\Local\Temp\mathworks_tmp_1336_12140_1336.auth'.
Removing: 'C:\Users\DEFAUL~1.VPC\AppData\Local\Temp\mathworks_tmp_1336_11247_1336.auth'.
Removing: 'C:\Users\DEFAUL~1.VPC\AppData\Local\Temp\mathworks_tmp_1336_26083_1336.auth'.
Removing: 'C:\Users\DEFAUL~1.VPC\AppData\Local\Temp\mathworks_tmp_1336_11961_1336.auth'.
Removing: 'C:\Users\DEFAUL~1.VPC\AppData\Local\Temp\mathworks_tmp_1336_8340_1336.auth'.
Removing: 'C:\Users\DEFAUL~1.VPC\AppData\Local\Temp\mathworks_tmp_1336_5279_1336.auth'.
Removing: 'C:\Users\DEFAUL~1.VPC\AppData\Local\Temp\mathworks_tmp_1336_3992_1336.auth'.
Removing: 'C:\Users\DEFAUL~1.VPC\AppData\Local\Temp\mathworks_tmp_1336_15756_1336.auth'.
Removing: 'C:\Users\DEFAUL~1.VPC\AppData\Local\Temp\mathworks_tmp_1336_10885_1336.auth'.
Removing: 'C:\Users\DEFAUL~1.VPC\AppData\Local\Temp\mathworks_tmp_1336_17611_1336.auth'.
Removing: 'C:\Users\DEFAUL~1.VPC\AppData\Local\Temp\mathworks_tmp_1336_16731_1336.auth'.
Removing: 'C:\Users\DEFAUL~1.VPC\AppData\Local\Temp\mathworks_tmp_1336_23731_1336.auth'.
Removing: 'C:\Users\DEFAUL~1.VPC\AppData\Local\Temp\mathworks_tmp_1336_15877_1336.auth'.
Removing: 'C:\Users\DEFAUL~1.VPC\AppData\Local\Temp\mathworks_tmp_1336_3244_1336.auth'.
Removing: 'C:\Users\DEFAUL~1.VPC\AppData\Local\Temp\mathworks_tmp_1336_25294_1336.auth'.
Removing: 'C:\Users\DEFAUL~1.VPC\AppData\Local\Temp\mathworks_tmp_1336_3157_1336.auth'.
Removing: 'C:\Users\DEFAUL~1.VPC\AppData\Local\Temp\mathworks_tmp_1336_30060_1336.auth'.
Removing: 'C:\Users\DEFAUL~1.VPC\AppData\Local\Temp\mathworks_tmp_1336_3279_1336.auth'.
Removing: 'C:\Users\DEFAUL~1.VPC\AppData\Local\Temp\mathworks_tmp_1336_925_1336.auth'.
Removing: 'C:\Users\DEFAUL~1.VPC\AppData\Local\Temp\mathworks_tmp_1336_2431_1336.auth'.
Removing: 'C:\Users\DEFAUL~1.VPC\AppData\Local\Temp\mathworks_tmp_1336_5476_1336.auth'.
Removing: 'C:\Users\DEFAUL~1.VPC\AppData\Local\Temp\mathworks_tmp_1336_17350_1336.auth'.
Removing: 'C:\Users\DEFAUL~1.VPC\AppData\Local\Temp\mathworks_tmp_1336_610_1336.auth'.
Removing: 'C:\Users\DEFAUL~1.VPC\AppData\Local\Temp\mathworks_tmp_1336_26999_1336.auth'.
Removing: 'C:\Users\DEFAUL~1.VPC\AppData\Local\Temp\mathworks_tmp_1336_2797_1336.auth'.
Removing: 'C:\Users\DEFAUL~1.VPC\AppData\Local\Temp\mathworks_tmp_1336_9245_1336.auth'.
Removing: 'C:\Users\DEFAUL~1.VPC\AppData\Local\Temp\mathworks_tmp_1336_6854_1336.auth'.
Removing: 'C:\Users\DEFAUL~1.VPC\AppData\Local\Temp\mathworks_tmp_1336_32589_1336.auth'.
Removing: 'C:\Users\DEFAUL~1.VPC\AppData\Local\Temp\mathworks_tmp_1336_2724_1336.auth'.
Removing: 'C:\Users\DEFAUL~1.VPC\AppData\Local\Temp\mathworks_tmp_1336_18064_1336.auth'.
Removing: 'C:\Users\DEFAUL~1.VPC\AppData\Local\Temp\mathworks_tmp_1336_7913_1336.auth'.
Removing: 'C:\Users\DEFAUL~1.VPC\AppData\Local\Temp\mathworks_tmp_1336_16306_1336.auth'.
Removing: 'C:\Users\DEFAUL~1.VPC\AppData\Local\Temp\mathworks_tmp_1336_13636_1336.auth'.
Removing: 'C:\Users\DEFAUL~1.VPC\AppData\Local\Temp\mathworks_tmp_1336_3194_1336.auth'.
Removing: 'C:\Users\DEFAUL~1.VPC\AppData\Local\Temp\mathworks_tmp_1336_24581_1336.auth'.
Removing: 'C:\Users\DEFAUL~1.VPC\AppData\Local\Temp\mathworks_tmp_1336_5901_1336.auth'.
Removing: 'C:\Users\DEFAUL~1.VPC\AppData\Local\Temp\mathworks_tmp_1336_25965_1336.auth'.
Removing: 'C:\Users\DEFAUL~1.VPC\AppData\Local\Temp\mathworks_tmp_1336_18065_1336.auth'.
Removing: 'C:\Users\DEFAUL~1.VPC\AppData\Local\Temp\mathworks_tmp_1336_2638_1336.auth'.
Removing: 'C:\Users\DEFAUL~1.VPC\AppData\Local\Temp\mathworks_tmp_1336_26060_1336.auth'.
Removing: 'C:\Users\DEFAUL~1.VPC\AppData\Local\Temp\mathworks_tmp_1336_13265_1336.auth'.
Removing: 'C:\Users\DEFAUL~1.VPC\AppData\Local\Temp\mathworks_tmp_1336_30748_1336.auth'.
Removing: 'C:\Users\DEFAUL~1.VPC\AppData\Local\Temp\mathworks_tmp_1336_5880_1336.auth'.
Removing: 'C:\Users\DEFAUL~1.VPC\AppData\Local\Temp\mathworks_tmp_1336_13724_1336.auth'.
Removing: 'C:\Users\DEFAUL~1.VPC\AppData\Local\Temp\mathworks_tmp_1336_27830_1336.auth'.
Removing: 'C:\Users\DEFAUL~1.VPC\AppData\Local\Temp\mathworks_tmp_1336_16459_1336.auth'.
Removing: 'C:\Users\DEFAUL~1.VPC\AppData\Local\Temp\mathworks_tmp_1336_3758_1336.auth'.
Removing: 'C:\Users\DEFAUL~1.VPC\AppData\Local\Temp\mathworks_tmp_1336_8456_1336.auth'.
Removing: 'C:\Users\DEFAUL~1.VPC\AppData\Local\Temp\mathworks_tmp_1336_1293_1336.auth'.
Removing: 'C:\Users\DEFAUL~1.VPC\AppData\Local\Temp\mathworks_tmp_1336_14771_1336.auth'.
Removing: 'C:\Users\DEFAUL~1.VPC\AppData\Local\Temp\mathworks_tmp_1336_994_1336.auth'.
Removing: 'C:\Users\DEFAUL~1.VPC\AppData\Local\Temp\mathworks_tmp_1336_1984_1336.auth'.
Removing: 'C:\Users\DEFAUL~1.VPC\AppData\Local\Temp\mathworks_tmp_1336_15310_1336.auth'.
Removing: 'C:\Users\DEFAUL~1.VPC\AppData\Local\Temp\mathworks_tmp_1336_16116_1336.auth'.
Removing: 'C:\Users\DEFAUL~1.VPC\AppData\Local\Temp\mathworks_tmp_1336_9740_1336.auth'.
Generating file "E:\Work\matlab\AllFile_specgram_viewer\build\AllFile_specgram_viewer_Win64\src\readme.txt".
copy 'E:\Work\matlab\AllFile_specgram_viewer\build\AllFile_specgram_viewer_Win64\src\readme.txt' 'E:\Work\matlab\AllFile_specgram_viewer\build\AllFile_specgram_viewer_Win64\distrib\readme.txt'
copy 'E:\Work\matlab\AllFile_specgram_viewer\build\AllFile_specgram_viewer_Win64\src\AllFile_specgram_viewer_Win64.exe' 'E:\Work\matlab\AllFile_specgram_viewer\build\AllFile_specgram_viewer_Win64\distrib\AllFile_specgram_viewer_Win64.exe'