ant:

<mkdir dir="H:\Work\matlab\AllFile_specgram_viewer\build\AllFile_specgram_viewer_Win32\distrib" />
<mkdir dir="H:\Work\matlab\AllFile_specgram_viewer\build\AllFile_specgram_viewer_Win32\src" />
mcc -o AllFile_specgram_viewer_Win32 -W WinMain:AllFile_specgram_viewer_Win32 -T link:exe -d H:\Work\matlab\AllFile_specgram_viewer\build\AllFile_specgram_viewer_Win32\src -w enable:specified_file_mismatch -w enable:repeated_file -w enable:switch_ignored -w enable:missing_lib_sentinel -w enable:demo_license -v H:\Work\matlab\AllFile_specgram_viewer\source\AllFile_specgram_viewer.m -a H:\Work\matlab\AllFile_specgram_viewer\source\AllFile_specgram_viewer.fig -a H:\Work\matlab\AllFile_specgram_viewer\source\deps
Compiler version: 4.18 (R2012b)
Processing C:\MATLAB\Win32\R2012b\toolbox\matlab\mcc.enc
Processing C:\MATLAB\Win32\R2012b\toolbox\signal\mcc.enc
Processing H:\Work\matlab\AllFile_specgram_viewer\source\AllFile_specgram_viewer.fig
Processing C:\MATLAB\Win32\R2012b\toolbox\shared\controllib\general\mcc.enc
Processing C:\MATLAB\Win32\R2012b\toolbox\matlab\guide\guideopts.fig
Processing C:\MATLAB\Win32\R2012b\toolbox\matlab\winfun\actxcontrolselect.fig
Processing C:\MATLAB\Win32\R2012b\toolbox\matlab\winfun\actxcontrolcreateproperty.fig
Processing C:\MATLAB\Win32\R2012b\toolbox\shared\spcuilib\mcc.enc
Processing include files...
2 item(s) added.
Processing directories installed with MCR...
The file H:\Work\matlab\AllFile_specgram_viewer\build\AllFile_specgram_viewer_Win32\src\mccExcludedFiles.log contains a list of functions excluded from the CTF archive.
0 item(s) added.
Generating MATLAB path for the compiled application...
Created 50 path items.
Begin validation of MEX files: Mon Dec 16 15:01:54 2013
Validating 'C:\MATLAB\Win32\R2012b\toolbox\signal\signal\buffer.mexw32'.
Found MATLAB file 'C:\MATLAB\Win32\R2012b\toolbox\signal\signal\buffer.m'.
MEX file
'C:\MATLAB\Win32\R2012b\toolbox\signal\signal\buffer.mexw32'
is valid. It contains 'mexFunction.'
Validating 'C:\MATLAB\Win32\R2012b\toolbox\signal\signal\private\goertzelmex.mexw32'.
No conflicting MATLAB file found.
Validating 'C:\MATLAB\Win32\R2012b\toolbox\signal\signal\private\upfirdnmex.mexw32'.
No conflicting MATLAB file found.
End validation of MEX files: Mon Dec 16 15:01:54 2013
Warning: Adding path "H:\Work\matlab\AllFile_specgram_viewer\source" to
Compiler path instance.
Parsing file "H:\Work\matlab\AllFile_specgram_viewer\source\AllFile_specgram_viewer.m"
    (Referenced from: "Compiler Command Line").
Parsing file "C:\MATLAB\Win32\R2012b\toolbox\compiler\deploy\deployprint.m"
    (Referenced from: "Compiler Command Line").
Parsing file "C:\MATLAB\Win32\R2012b\toolbox\compiler\deploy\printdlg.m"
    (Referenced from: "Compiler Command Line").
Deleting 3 temporary MEX authorization files.
Removing: 'C:\Users\jit\AppData\Local\Temp\mathworks_tmp_6208_19892_6208.auth'.
Removing: 'C:\Users\jit\AppData\Local\Temp\mathworks_tmp_6208_24985_6208.auth'.
Removing: 'C:\Users\jit\AppData\Local\Temp\mathworks_tmp_6208_27073_6208.auth'.
Generating file "H:\Work\matlab\AllFile_specgram_viewer\build\AllFile_specgram_viewer_Win32\src\readme.txt".
copy 'H:\Work\matlab\AllFile_specgram_viewer\build\AllFile_specgram_viewer_Win32\src\readme.txt' 'H:\Work\matlab\AllFile_specgram_viewer\build\AllFile_specgram_viewer_Win32\distrib\readme.txt'
copy 'H:\Work\matlab\AllFile_specgram_viewer\build\AllFile_specgram_viewer_Win32\src\AllFile_specgram_viewer_Win32.exe' 'H:\Work\matlab\AllFile_specgram_viewer\build\AllFile_specgram_viewer_Win32\distrib\AllFile_specgram_viewer_Win32.exe'